Arguments: 
  /usr/local/bin/node /opt/yarn-v1.22.19/bin/yarn.js install

PATH: 
  /project/home/pitcher-host/.nix-profile/bin:/nix/var/nix/profiles/default/bin:/usr/local/sbin:/usr/local/bin:/usr/sbin:/usr/bin:/sbin:/bin

Yarn version: 
  1.22.19

Node version: 
  16.16.0

Platform: 
  linux x64

Trace: 
  Error: https://registry.yarnpkg.com/@jest/console/-/console-26.6.2.tgz: Request failed "503 Service Unavailable"
      at ResponseError.ExtendableBuiltin (/opt/yarn-v1.22.19/lib/cli.js:696:66)
      at new ResponseError (/opt/yarn-v1.22.19/lib/cli.js:802:124)
      at Request.<anonymous> (/opt/yarn-v1.22.19/lib/cli.js:66215:16)
      at Request.emit (node:events:527:28)
      at Request.module.exports.Request.onRequestResponse (/opt/yarn-v1.22.19/lib/cli.js:141767:10)
      at ClientRequest.emit (node:events:527:28)
      at HTTPParser.parserOnIncomingClient (node:_http_client:631:27)
      at HTTPParser.parserOnHeadersComplete (node:_http_common:128:17)
      at HTTPParser.execute (<anonymous>)
      at TLSSocket.socketOnData (node:_http_client:494:22)

npm manifest: 
  {
    "name": "react",
    "version": "1.0.0",
    "description": "React example starter project",
    "keywords": [
      "react",
      "starter"
    ],
    "main": "src/index.js",
    "dependencies": {
      "bootstrap": "5.2.0",
      "react": "18.2.0",
      "react-dom": "18.2.0",
      "react-scripts": "4.0.0"
    },
    "devDependencies": {
      "@babel/runtime": "7.13.8",
      "typescript": "4.1.3"
    },
    "scripts": {
      "start": "react-scripts start",
      "build": "react-scripts build",
      "test": "react-scripts test --env=jsdom",
      "eject": "react-scripts eject"
    },
    "browserslist": [
      ">0.2%",
      "not dead",
      "not ie <= 11",
      "not op_mini all"
    ]
  }

yarn manifest: 
  No manifest

Lockfile: 
  No lockfile
